<?xml version="1.0" encoding="UTF-8" ?>
<testsuite errors="0" failures="1" hostname="euajayabal" name="com.arun.tutorial.test.PersonModelTest" skipped="0" tests="1" time="0.055" timestamp="2014-01-26T20:47:43">
  <properties>
[...]
</properties>
  <testcase classname="com.arun.tutorial.test.PersonModelTest" name="test" time="0.0060">
    <failure message="expected:&lt;[Arun[]]&gt; but was:&lt;[Arun[1]]&gt;" type="junit.framework.AssertionFailedError">junit.framework.AssertionFailedError: expected:&lt;[Arun[]]&gt; but was:&lt;[Arun[1]]&gt;
	at com.arun.tutorial.test.PersonModelTest.test(PersonModelTest.java:40)
</failure>
  </testcase>
  <system-out><![CDATA[]]></system-out>
  <system-err><![CDATA[]]></system-err>
</testsuite>
